<?xml version="1.0" encoding="UTF-8"?>
<!-- Generated by org.testng.reporters.JUnitReportReporter -->
<testsuite skipped="0" hostname="DESKTOP-1B5EHLS" name="com.WellsFargo.DDF" tests="1" failures="0" timestamp="13 Mar 2020 07:14:57 GMT" time="32.665" errors="0">
  <testcase name="f" time="32.665" classname="com.WellsFargo.DDF"/>
</testsuite> <!-- com.WellsFargo.DDF -->
